#
# A fatal error has been detected by the Java Runtime Environment:
#
#  SIGSEGV (0xb) at pc=0x00000001109f7d68, pid=1755, tid=0x0000000000003b03
#
# JRE version: Java(TM) SE Runtime Environment (8.0_102-b14) (build 1.8.0_102-b14)
# Java VM: Java HotSpot(TM) 64-Bit Server VM (25.102-b14 mixed mode bsd-amd64 compressed oops)
# Problematic frame:
# C  [libjdwp.dylib+0x21d68]  jvmtiAllocate+0x1d
#
# Failed to write core dump. Core dumps have been disabled. To enable core dumping, try "ulimit -c unlimited" before starting Java again
#
# If you would like to submit a bug report, please visit:
#   http://bugreport.java.com/bugreport/crash.jsp
# The crash happened outside the Java Virtual Machine in native code.
# See problematic frame for where to report the bug.
#

---------------  T H R E A D  ---------------

Current thread (0x00007fa8c982c800):  JavaThread "JDWP Command Reader" daemon [_thread_in_native, id=15107, stack(0x0000700008ab7000,0x0000700008bb7000)]

siginfo: si_signo: 11 (SIGSEGV), si_code: 1 (SEGV_MAPERR), si_addr: 0x0000000000000000

Registers:
RAX=0x0000000000000000, RBX=0x000000010e9f438a, RCX=0x0000000000000009, RDX=0x0000700008bb6b49
RSP=0x0000700008bb6b00, RBP=0x0000700008bb6b30, RSI=0x000000000000f000, RDI=0x0000000000000022
R8 =0x0000700008bb6b49, R9 =0x0000000000000000, R10=0x00007fa8c971d090, R11=0x00007fff710d8a0b
R12=0x00000001109fde7a, R13=0x00007fa8cc159bf0, R14=0x000000000000000a, R15=0x00000001109fc891
RIP=0x00000001109f7d68, EFLAGS=0x0000000000010206, ERR=0x0000000000000004
  TRAPNO=0x000000000000000e

Top of Stack: (sp=0x0000700008bb6b00)
0x0000700008bb6b00:   0000000000000004 ffffffffffffffe7
0x0000700008bb6b10:   0000000000000000 000000000000010d
0x0000700008bb6b20:   000000010e9f438a 000000000000000a
0x0000700008bb6b30:   0000700008bb6c60 000000010e9f3792
0x0000700008bb6b40:   0000000000000020 6c69662064614268
0x0000700008bb6b50:   6972637365642065 00000000726f7470
0x0000700008bb6b60:   0000000000000000 0000000000000000
0x0000700008bb6b70:   0000000000000000 0000000000000000
0x0000700008bb6b80:   0000000000000000 0000000000000000
0x0000700008bb6b90:   0000000000000000 0000000000000000
0x0000700008bb6ba0:   0000000000000000 0000000000000000
0x0000700008bb6bb0:   0000000000000000 0000000000000000
0x0000700008bb6bc0:   0000000000000000 0000000000000000
0x0000700008bb6bd0:   0000000000000000 0000000000000000
0x0000700008bb6be0:   0000000000000000 0000000000000000
0x0000700008bb6bf0:   0000000000000000 0000000000000000
0x0000700008bb6c00:   0000000000000000 0000000000000000
0x0000700008bb6c10:   0000000000000000 0000000000000000
0x0000700008bb6c20:   0000000000000000 0000000000000000
0x0000700008bb6c30:   0000000000000000 0000000000000000
0x0000700008bb6c40:   0000000000000000 5accc8aa8ced004b
0x0000700008bb6c50:   0000700008bb6ce0 00000001109fde95
0x0000700008bb6c60:   0000700008bb6c90 000000010e9f32ff
0x0000700008bb6c70:   0000700008bb6cb0 00000001109f8a19
0x0000700008bb6c80:   0000700008bb6ce0 00000001109fde95
0x0000700008bb6c90:   0000700008bb6cb0 00000001109f4b71
0x0000700008bb6ca0:   00000001109fde6e 00000001109fde95
0x0000700008bb6cb0:   0000700008bb6d20 00000001109e49c9
0x0000700008bb6cc0:   0000000000000019 0000700008bb6d00
0x0000700008bb6cd0:   0000000000048f01 0000000000003b03
0x0000700008bb6ce0:   0000340b0000003e 0000000000020100
0x0000700008bb6cf0:   00007fa8cc1563a0 00007fa8c982c800 

Instructions: (pc=0x00000001109f7d68)
0x00000001109f7d48:   5e 5d c3 55 48 89 e5 41 56 53 48 83 ec 20 85 ff
0x00000001109f7d58:   0f 84 85 00 00 00 48 8b 05 33 18 01 00 48 8b 00
0x00000001109f7d68:   48 8b 08 48 63 f7 48 8d 55 e8 48 89 c7 ff 91 68
0x00000001109f7d78:   01 00 00 85 c0 74 5e 89 c3 89 df e8 66 ce fe ff 

Register to memory mapping:

RAX=0x0000000000000000 is an unknown value
RBX=0x000000010e9f438a: dbgsysConnect+0x2fe in /Library/Java/JavaVirtualMachines/jdk1.8.0_102.jdk/Contents/Home/jre/lib/libdt_socket.dylib at 0x000000010e9f2000
RCX=0x0000000000000009 is an unknown value
RDX=0x0000700008bb6b49 is pointing into the stack for thread: 0x00007fa8c982c800
RSP=0x0000700008bb6b00 is pointing into the stack for thread: 0x00007fa8c982c800
RBP=0x0000700008bb6b30 is pointing into the stack for thread: 0x00007fa8c982c800
RSI=0x000000000000f000 is an unknown value
RDI=0x0000000000000022 is an unknown value
R8 =0x0000700008bb6b49 is pointing into the stack for thread: 0x00007fa8c982c800
R9 =0x0000000000000000 is an unknown value
R10=0x00007fa8c971d090 is an unknown value
R11=0x00007fff710d8a0b: pthread_getspecific+0 in /usr/lib/system/libsystem_pthread.dylib at 0x00007fff710d7000
R12=0x00000001109fde7a: util_initialize+0x25dd in /Library/Java/JavaVirtualMachines/jdk1.8.0_102.jdk/Contents/Home/jre/lib/libjdwp.dylib at 0x00000001109d6000
R13=0x00007fa8cc159bf0 is an unknown value
R14=0x000000000000000a is an unknown value
R15=0x00000001109fc891: util_initialize+0xff4 in /Library/Java/JavaVirtualMachines/jdk1.8.0_102.jdk/Contents/Home/jre/lib/libjdwp.dylib at 0x00000001109d6000


Stack: [0x0000700008ab7000,0x0000700008bb7000],  sp=0x0000700008bb6b00,  free space=1022k
Native frames: (J=compiled Java code, j=interpreted, Vv=VM code, C=native code)
C  [libjdwp.dylib+0x21d68]  jvmtiAllocate+0x1d
C  [libdt_socket.dylib+0x1792]  setLastError+0x87
C  [libdt_socket.dylib+0x12ff]  socketTransport_readPacket+0x67
C  [libjdwp.dylib+0x1eb71]  transport_receivePacket+0x1a
C  [libjdwp.dylib+0xe9c9]  reader+0x72
V  [libjvm.dylib+0x399f08]  JvmtiAgentThread::call_start_function()+0x38
V  [libjvm.dylib+0x56a4db]  JavaThread::thread_main_inner()+0x9b
V  [libjvm.dylib+0x56bbc8]  JavaThread::run()+0x1c2
V  [libjvm.dylib+0x489ed2]  java_start(Thread*)+0xf6
C  [libsystem_pthread.dylib+0x36c1]  _pthread_body+0x154
C  [libsystem_pthread.dylib+0x356d]  _pthread_body+0x0
C  [libsystem_pthread.dylib+0x2c5d]  thread_start+0xd
C  0x0000000000000000


---------------  P R O C E S S  ---------------

Java Threads: ( => current thread )
  0x00007fa8d09db800 JavaThread "ForkJoinPool.commonPool-worker-1" daemon [_thread_blocked, id=26115, stack(0x0000700009ced000,0x0000700009ded000)]
  0x00007fa8d2078000 JavaThread "OkHttp ConnectionPool" daemon [_thread_blocked, id=3335, stack(0x00007000092cf000,0x00007000093cf000)]
  0x00007fa8d0ce4000 JavaThread "OkHttp ConnectionPool" daemon [_thread_blocked, id=2571, stack(0x0000700007a01000,0x0000700007b01000)]
  0x00007fa8cb285800 JavaThread "OkHttp ConnectionPool" daemon [_thread_blocked, id=43011, stack(0x00007000091cc000,0x00007000092cc000)]
  0x00007fa8c9830000 JavaThread "Service Thread" daemon [_thread_blocked, id=22275, stack(0x0000700008fc6000,0x00007000090c6000)]
  0x00007fa8ca00b800 JavaThread "C1 CompilerThread3" daemon [_thread_blocked, id=43267, stack(0x0000700008ec3000,0x0000700008fc3000)]
  0x00007fa8ca00c800 JavaThread "C2 CompilerThread2" daemon [_thread_blocked, id=15875, stack(0x0000700008dc0000,0x0000700008ec0000)]
  0x00007fa8c982d000 JavaThread "C2 CompilerThread1" daemon [_thread_in_native, id=15619, stack(0x0000700008cbd000,0x0000700008dbd000)]
  0x00007fa8cb00b800 JavaThread "C2 CompilerThread0" daemon [_thread_blocked, id=16387, stack(0x0000700008bba000,0x0000700008cba000)]
=>0x00007fa8c982c800 JavaThread "JDWP Command Reader" daemon [_thread_in_native, id=15107, stack(0x0000700008ab7000,0x0000700008bb7000)]
  0x00007fa8ca00a800 JavaThread "JDWP Event Helper Thread" daemon [_thread_blocked, id=14595, stack(0x00007000089b4000,0x0000700008ab4000)]
  0x00007fa8ca00a000 JavaThread "JDWP Transport Listener: dt_socket" daemon [_thread_blocked, id=16903, stack(0x00007000088b1000,0x00007000089b1000)]
  0x00007fa8c982a800 JavaThread "Signal Dispatcher" daemon [_thread_blocked, id=14091, stack(0x00007000087ae000,0x00007000088ae000)]
  0x00007fa8c985a000 JavaThread "Finalizer" daemon [_thread_blocked, id=12803, stack(0x00007000086ab000,0x00007000087ab000)]
  0x00007fa8c9857800 JavaThread "Reference Handler" daemon [_thread_blocked, id=12547, stack(0x00007000085a8000,0x00007000086a8000)]
  0x00007fa8ca802800 JavaThread "main" [_thread_blocked, id=9731, stack(0x0000700007b8a000,0x0000700007c8a000)]

Other Threads:
  0x00007fa8ca003800 VMThread [stack: 0x00007000084a5000,0x00007000085a5000] [id=19971]

VM state:at safepoint (normal execution)

VM Mutex/Monitor currently owned by a thread:  ([mutex/lock_event])
[0x00007fa8c9509020] Threads_lock - owner thread: 0x00007fa8ca003800

Heap:
 PSYoungGen      total 733184K, used 21966K [0x000000076ab00000, 0x000000079a500000, 0x00000007c0000000)
  eden space 689152K, 3% used [0x000000076ab00000,0x000000076c073800,0x0000000794c00000)
  from space 44032K, 0% used [0x0000000797a00000,0x0000000797a00000,0x000000079a500000)
  to   space 45568K, 0% used [0x0000000794c00000,0x0000000794c00000,0x0000000797880000)
 ParOldGen       total 271360K, used 66906K [0x00000006c0000000, 0x00000006d0900000, 0x000000076ab00000)
  object space 271360K, 24% used [0x00000006c0000000,0x00000006c4156a88,0x00000006d0900000)
 Metaspace       used 78684K, capacity 80292K, committed 80560K, reserved 1118208K
  class space    used 10511K, capacity 10890K, committed 10928K, reserved 1048576K

Card table byte_map: [0x0000000110e21000,0x0000000111622000] byte_map_base: 0x000000010d821000

Marking Bits: (ParMarkBitMap*) 0x00000001102efd20
 Begin Bits: [0x00000001223b2000, 0x00000001263b2000)
 End Bits:   [0x00000001263b2000, 0x000000012a3b2000)

Polling page: 0x000000010e9d2000

CodeCache: size=245760Kb used=31670Kb max_used=32872Kb free=214089Kb
 bounds [0x00000001133b2000, 0x0000000115412000, 0x00000001223b2000]
 total_blobs=8893 nmethods=8363 adapters=450
 compilation: enabled

Compilation events (10 events):
Event: 46.767 Thread 0x00007fa8ca00b800 10528       3       org.eclipse.sisu.inject.MildValues$ValueItr::next (27 bytes)
Event: 46.767 Thread 0x00007fa8ca00b800 nmethod 10528 0x0000000114a9b450 code [0x0000000114a9b5e0, 0x0000000114a9b918]
Event: 46.767 Thread 0x00007fa8ca00b800 10529       3       sun.misc.URLClassPath$JarLoader::close (24 bytes)
Event: 46.768 Thread 0x00007fa8ca00b800 nmethod 10529 0x0000000114360190 code [0x0000000114360340, 0x00000001143608f8]
Event: 46.769 Thread 0x00007fa8ca00b800 10532       3       java.util.logging.LogManager$LoggerContext::getRootLogger (8 bytes)
Event: 46.769 Thread 0x00007fa8ca00b800 nmethod 10532 0x0000000113aba550 code [0x0000000113aba6c0, 0x0000000113aba8d0]
Event: 46.769 Thread 0x00007fa8ca00b800 10530       3       java.util.logging.LogManager$LoggerContext::ensureInitialized (24 bytes)
Event: 46.769 Thread 0x00007fa8ca00b800 nmethod 10530 0x0000000113b42490 code [0x0000000113b42660, 0x0000000113b42e88]
Event: 46.769 Thread 0x00007fa8ca00b800 10531  s    3       java.util.logging.LogManager$LoggerContext::findLogger (40 bytes)
Event: 46.770 Thread 0x00007fa8ca00b800 nmethod 10531 0x0000000114d23290 code [0x0000000114d234a0, 0x0000000114d24388]

GC Heap History (10 events):
Event: 41.711 GC heap before
{Heap before GC invocations=14 (full 2):
 PSYoungGen      total 463872K, used 190983K [0x000000076ab00000, 0x0000000790180000, 0x00000007c0000000)
  eden space 435712K, 37% used [0x000000076ab00000,0x0000000774a08758,0x0000000785480000)
  from space 28160K, 99% used [0x0000000785480000,0x0000000786ff9720,0x0000000787000000)
  to   space 39424K, 0% used [0x000000078db00000,0x000000078db00000,0x0000000790180000)
 ParOldGen       total 199168K, used 59223K [0x00000006c0000000, 0x00000006cc280000, 0x000000076ab00000)
  object space 199168K, 29% used [0x00000006c0000000,0x00000006c39d5de0,0x00000006cc280000)
 Metaspace       used 57577K, capacity 59090K, committed 59160K, reserved 1101824K
  class space    used 6970K, capacity 7336K, committed 7344K, reserved 1048576K
Event: 41.734 GC heap after
Heap after GC invocations=14 (full 2):
 PSYoungGen      total 570880K, used 31259K [0x000000076ab00000, 0x0000000792300000, 0x00000007c0000000)
  eden space 531456K, 0% used [0x000000076ab00000,0x000000076ab00000,0x000000078b200000)
  from space 39424K, 79% used [0x000000078db00000,0x000000078f986ff8,0x0000000790180000)
  to   space 41984K, 0% used [0x000000078b200000,0x000000078b200000,0x000000078db00000)
 ParOldGen       total 199168K, used 59231K [0x00000006c0000000, 0x00000006cc280000, 0x000000076ab00000)
  object space 199168K, 29% used [0x00000006c0000000,0x00000006c39d7de0,0x00000006cc280000)
 Metaspace       used 57577K, capacity 59090K, committed 59160K, reserved 1101824K
  class space    used 6970K, capacity 7336K, committed 7344K, reserved 1048576K
}
Event: 41.734 GC heap before
{Heap before GC invocations=15 (full 3):
 PSYoungGen      total 570880K, used 31259K [0x000000076ab00000, 0x0000000792300000, 0x00000007c0000000)
  eden space 531456K, 0% used [0x000000076ab00000,0x000000076ab00000,0x000000078b200000)
  from space 39424K, 79% used [0x000000078db00000,0x000000078f986ff8,0x0000000790180000)
  to   space 41984K, 0% used [0x000000078b200000,0x000000078b200000,0x000000078db00000)
 ParOldGen       total 199168K, used 59231K [0x00000006c0000000, 0x00000006cc280000, 0x000000076ab00000)
  object space 199168K, 29% used [0x00000006c0000000,0x00000006c39d7de0,0x00000006cc280000)
 Metaspace       used 57577K, capacity 59090K, committed 59160K, reserved 1101824K
  class space    used 6970K, capacity 7336K, committed 7344K, reserved 1048576K
Event: 42.006 GC heap after
Heap after GC invocations=15 (full 3):
 PSYoungGen      total 570880K, used 0K [0x000000076ab00000, 0x0000000792300000, 0x00000007c0000000)
  eden space 531456K, 0% used [0x000000076ab00000,0x000000076ab00000,0x000000078b200000)
  from space 39424K, 0% used [0x000000078db00000,0x000000078db00000,0x0000000790180000)
  to   space 41984K, 0% used [0x000000078b200000,0x000000078b200000,0x000000078db00000)
 ParOldGen       total 271360K, used 62910K [0x00000006c0000000, 0x00000006d0900000, 0x000000076ab00000)
  object space 271360K, 23% used [0x00000006c0000000,0x00000006c3d6fab8,0x00000006d0900000)
 Metaspace       used 57256K, capacity 58512K, committed 59160K, reserved 1101824K
  class space    used 6931K, capacity 7246K, committed 7344K, reserved 1048576K
}
Event: 45.999 GC heap before
{Heap before GC invocations=16 (full 3):
 PSYoungGen      total 570880K, used 531456K [0x000000076ab00000, 0x0000000792300000, 0x00000007c0000000)
  eden space 531456K, 100% used [0x000000076ab00000,0x000000078b200000,0x000000078b200000)
  from space 39424K, 0% used [0x000000078db00000,0x000000078db00000,0x0000000790180000)
  to   space 41984K, 0% used [0x000000078b200000,0x000000078b200000,0x000000078db00000)
 ParOldGen       total 271360K, used 62910K [0x00000006c0000000, 0x00000006d0900000, 0x000000076ab00000)
  object space 271360K, 23% used [0x00000006c0000000,0x00000006c3d6fab8,0x00000006d0900000)
 Metaspace       used 77616K, capacity 79138K, committed 79664K, reserved 1118208K
  class space    used 10381K, capacity 10745K, committed 10800K, reserved 1048576K
Event: 46.040 GC heap after
Heap after GC invocations=16 (full 3):
 PSYoungGen      total 573440K, used 39552K [0x000000076ab00000, 0x000000079a800000, 0x00000007c0000000)
  eden space 531456K, 0% used [0x000000076ab00000,0x000000076ab00000,0x000000078b200000)
  from space 41984K, 94% used [0x000000078b200000,0x000000078d8a0228,0x000000078db00000)
  to   space 47104K, 0% used [0x0000000797a00000,0x0000000797a00000,0x000000079a800000)
 ParOldGen       total 271360K, used 62918K [0x00000006c0000000, 0x00000006d0900000, 0x000000076ab00000)
  object space 271360K, 23% used [0x00000006c0000000,0x00000006c3d71ab8,0x00000006d0900000)
 Metaspace       used 77616K, capacity 79138K, committed 79664K, reserved 1118208K
  class space    used 10381K, capacity 10745K, committed 10800K, reserved 1048576K
}
Event: 46.342 GC heap before
{Heap before GC invocations=17 (full 3):
 PSYoungGen      total 573440K, used 102663K [0x000000076ab00000, 0x000000079a800000, 0x00000007c0000000)
  eden space 531456K, 11% used [0x000000076ab00000,0x000000076e8a1af8,0x000000078b200000)
  from space 41984K, 94% used [0x000000078b200000,0x000000078d8a0228,0x000000078db00000)
  to   space 47104K, 0% used [0x0000000797a00000,0x0000000797a00000,0x000000079a800000)
 ParOldGen       total 271360K, used 62918K [0x00000006c0000000, 0x00000006d0900000, 0x000000076ab00000)
  object space 271360K, 23% used [0x00000006c0000000,0x00000006c3d71ab8,0x00000006d0900000)
 Metaspace       used 78675K, capacity 80304K, committed 80560K, reserved 1118208K
  class space    used 10512K, capacity 10894K, committed 10928K, reserved 1048576K
Event: 46.363 GC heap after
Heap after GC invocations=17 (full 3):
 PSYoungGen      total 733184K, used 16881K [0x000000076ab00000, 0x000000079a500000, 0x00000007c0000000)
  eden space 689152K, 0% used [0x000000076ab00000,0x000000076ab00000,0x0000000794c00000)
  from space 44032K, 38% used [0x0000000797a00000,0x0000000798a7c4e0,0x000000079a500000)
  to   space 45568K, 0% used [0x0000000794c00000,0x0000000794c00000,0x0000000797880000)
 ParOldGen       total 271360K, used 62934K [0x00000006c0000000, 0x00000006d0900000, 0x000000076ab00000)
  object space 271360K, 23% used [0x00000006c0000000,0x00000006c3d75ab8,0x00000006d0900000)
 Metaspace       used 78675K, capacity 80304K, committed 80560K, reserved 1118208K
  class space    used 10512K, capacity 10894K, committed 10928K, reserved 1048576K
}
Event: 46.363 GC heap before
{Heap before GC invocations=18 (full 4):
 PSYoungGen      total 733184K, used 16881K [0x000000076ab00000, 0x000000079a500000, 0x00000007c0000000)
  eden space 689152K, 0% used [0x000000076ab00000,0x000000076ab00000,0x0000000794c00000)
  from space 44032K, 38% used [0x0000000797a00000,0x0000000798a7c4e0,0x000000079a500000)
  to   space 45568K, 0% used [0x0000000794c00000,0x0000000794c00000,0x0000000797880000)
 ParOldGen       total 271360K, used 62934K [0x00000006c0000000, 0x00000006d0900000, 0x000000076ab00000)
  object space 271360K, 23% used [0x00000006c0000000,0x00000006c3d75ab8,0x00000006d0900000)
 Metaspace       used 78675K, capacity 80304K, committed 80560K, reserved 1118208K
  class space    used 10512K, capacity 10894K, committed 10928K, reserved 1048576K
Event: 46.743 GC heap after
Heap after GC invocations=18 (full 4):
 PSYoungGen      total 733184K, used 0K [0x000000076ab00000, 0x000000079a500000, 0x00000007c0000000)
  eden space 689152K, 0% used [0x000000076ab00000,0x000000076ab00000,0x0000000794c00000)
  from space 44032K, 0% used [0x0000000797a00000,0x0000000797a00000,0x000000079a500000)
  to   space 45568K, 0% used [0x0000000794c00000,0x0000000794c00000,0x0000000797880000)
 ParOldGen       total 271360K, used 66906K [0x00000006c0000000, 0x00000006d0900000, 0x000000076ab00000)
  object space 271360K, 24% used [0x00000006c0000000,0x00000006c4156a88,0x00000006d0900000)
 Metaspace       used 78670K, capacity 80292K, committed 80560K, reserved 1118208K
  class space    used 10511K, capacity 10890K, committed 10928K, reserved 1048576K
}

Deoptimization events (10 events):
Event: 46.335 Thread 0x00007fa8ca237000 Uncommon trap: reason=unhandled action=none pc=0x0000000114137b1c method=java.net.URLClassLoader.findClass(Ljava/lang/String;)Ljava/lang/Class; @ 44
Event: 46.335 Thread 0x00007fa8ca237000 Uncommon trap: reason=unhandled action=none pc=0x0000000114137b1c method=java.net.URLClassLoader.findClass(Ljava/lang/String;)Ljava/lang/Class; @ 44
Event: 46.340 Thread 0x00007fa8ca237000 Uncommon trap: reason=bimorphic action=maybe_recompile pc=0x00000001140e2550 method=java.util.Collections$SetFromMap.contains(Ljava/lang/Object;)Z @ 5
Event: 46.342 Thread 0x00007fa8ca802800 Uncommon trap: reason=class_check action=maybe_recompile pc=0x00000001148bdcc0 method=java.lang.AbstractStringBuilder.append(Ljava/lang/CharSequence;)Ljava/lang/AbstractStringBuilder; @ 37
Event: 46.342 Thread 0x00007fa8ca802800 Uncommon trap: reason=class_check action=maybe_recompile pc=0x00000001148bdcc0 method=java.lang.AbstractStringBuilder.append(Ljava/lang/CharSequence;)Ljava/lang/AbstractStringBuilder; @ 37
Event: 46.342 Thread 0x00007fa8ca802800 Uncommon trap: reason=class_check action=maybe_recompile pc=0x00000001148bdcc0 method=java.lang.AbstractStringBuilder.append(Ljava/lang/CharSequence;)Ljava/lang/AbstractStringBuilder; @ 37
Event: 46.342 Thread 0x00007fa8ca802800 Uncommon trap: reason=class_check action=maybe_recompile pc=0x00000001148bdcc0 method=java.lang.AbstractStringBuilder.append(Ljava/lang/CharSequence;)Ljava/lang/AbstractStringBuilder; @ 37
Event: 46.766 Thread 0x00007fa8ca802800 Uncommon trap: reason=unhandled action=none pc=0x0000000114137b1c method=java.net.URLClassLoader.findClass(Ljava/lang/String;)Ljava/lang/Class; @ 44
Event: 46.766 Thread 0x00007fa8ca802800 Uncommon trap: reason=unhandled action=none pc=0x0000000114137b1c method=java.net.URLClassLoader.findClass(Ljava/lang/String;)Ljava/lang/Class; @ 44
Event: 46.766 Thread 0x00007fa8ca802800 Uncommon trap: reason=unhandled action=none pc=0x0000000113b21b74 method=org.codehaus.plexus.classworlds.realm.ClassRealm.findClass(Ljava/lang/String;)Ljava/lang/Class; @ 8

Internal exceptions (10 events):
Event: 46.331 Thread 0x00007fa8ca237000 Exception <a 'java/lang/ArrayIndexOutOfBoundsException': 199> (0x000000076c630f48) thrown at [/Users/java_re/workspace/8-2-build-macosx-x86_64/jdk8u102/7268/hotspot/src/share/vm/interpreter/interpreterRuntime.cpp, line 366]
Event: 46.331 Thread 0x00007fa8ca237000 Exception <a 'java/lang/ArrayIndexOutOfBoundsException': 92> (0x000000076c632560) thrown at [/Users/java_re/workspace/8-2-build-macosx-x86_64/jdk8u102/7268/hotspot/src/share/vm/interpreter/interpreterRuntime.cpp, line 366]
Event: 46.331 Thread 0x00007fa8ca237000 Exception <a 'java/lang/ArrayIndexOutOfBoundsException': 97> (0x000000076c633e08) thrown at [/Users/java_re/workspace/8-2-build-macosx-x86_64/jdk8u102/7268/hotspot/src/share/vm/interpreter/interpreterRuntime.cpp, line 366]
Event: 46.332 Thread 0x00007fa8ca237000 Exception <a 'java/lang/ArrayIndexOutOfBoundsException': 162> (0x000000076c638c68) thrown at [/Users/java_re/workspace/8-2-build-macosx-x86_64/jdk8u102/7268/hotspot/src/share/vm/interpreter/interpreterRuntime.cpp, line 366]
Event: 46.332 Thread 0x00007fa8ca237000 Exception <a 'java/lang/ArrayIndexOutOfBoundsException': 97> (0x000000076c63a420) thrown at [/Users/java_re/workspace/8-2-build-macosx-x86_64/jdk8u102/7268/hotspot/src/share/vm/interpreter/interpreterRuntime.cpp, line 366]
Event: 46.332 Thread 0x00007fa8ca237000 Exception <a 'java/lang/ArrayIndexOutOfBoundsException': 132> (0x000000076c63bd78) thrown at [/Users/java_re/workspace/8-2-build-macosx-x86_64/jdk8u102/7268/hotspot/src/share/vm/interpreter/interpreterRuntime.cpp, line 366]
Event: 46.332 Thread 0x00007fa8ca237000 Exception <a 'java/lang/ArrayIndexOutOfBoundsException': 130> (0x000000076c63d758) thrown at [/Users/java_re/workspace/8-2-build-macosx-x86_64/jdk8u102/7268/hotspot/src/share/vm/interpreter/interpreterRuntime.cpp, line 366]
Event: 46.332 Thread 0x00007fa8ca237000 Exception <a 'java/lang/ArrayIndexOutOfBoundsException': 110> (0x000000076c63efc0) thrown at [/Users/java_re/workspace/8-2-build-macosx-x86_64/jdk8u102/7268/hotspot/src/share/vm/interpreter/interpreterRuntime.cpp, line 366]
Event: 46.332 Thread 0x00007fa8ca237000 Exception <a 'java/lang/ArrayIndexOutOfBoundsException': 144> (0x000000076c640a88) thrown at [/Users/java_re/workspace/8-2-build-macosx-x86_64/jdk8u102/7268/hotspot/src/share/vm/interpreter/interpreterRuntime.cpp, line 366]
Event: 46.339 Thread 0x00007fa8ca237000 Exception <a 'java/lang/reflect/InvocationTargetException'> (0x000000076da88720) thrown at [/Users/java_re/workspace/8-2-build-macosx-x86_64/jdk8u102/7268/hotspot/src/share/vm/runtime/reflection.cpp, line 1092]

Events (10 events):
Event: 46.766 Thread 0x00007fa8ca802800 DEOPT PACKING pc=0x0000000114795cec sp=0x0000700007c878f0
Event: 46.766 Thread 0x00007fa8ca802800 DEOPT UNPACKING pc=0x00000001133f9633 sp=0x0000700007c87630 mode 1
Event: 46.766 Thread 0x00007fa8ca802800 Uncommon trap: trap_request=0xffffffa7 fr.pc=0x0000000113b21b74
Event: 46.766 Thread 0x00007fa8ca802800 DEOPT PACKING pc=0x0000000113b21b74 sp=0x0000700007c87870
Event: 46.766 Thread 0x00007fa8ca802800 DEOPT UNPACKING pc=0x00000001133b7229 sp=0x0000700007c87848 mode 2
Event: 46.766 Thread 0x00007fa8ca802800 DEOPT PACKING pc=0x0000000114085800 sp=0x0000700007c87980
Event: 46.766 Thread 0x00007fa8ca802800 DEOPT UNPACKING pc=0x00000001133f9633 sp=0x0000700007c87608 mode 1
Event: 46.768 Thread 0x00007fa8cf659800 Thread added: 0x00007fa8cf659800
Event: 46.769 Thread 0x00007fa8cf659800 Thread exited: 0x00007fa8cf659800
Event: 46.772 Executing VM operation: Exit


Dynamic libraries:
0x0000000021bd2000 	/System/Library/Frameworks/Cocoa.framework/Versions/A/Cocoa
0x0000000021bd2000 	/System/Library/Frameworks/Security.framework/Versions/A/Security
0x0000000021bd2000 	/System/Library/Frameworks/ApplicationServices.framework/Versions/A/ApplicationServices
0x0000000021bd2000 	/usr/lib/libz.1.dylib
0x0000000021bd2000 	/usr/lib/libSystem.B.dylib
0x0000000021bd2000 	/usr/lib/libobjc.A.dylib
0x0000000021bd2000 	/System/Library/Frameworks/CoreFoundation.framework/Versions/A/CoreFoundation
0x0000000021bd2000 	/System/Library/Frameworks/Foundation.framework/Versions/C/Foundation
0x0000000021bd2000 	/System/Library/Frameworks/AppKit.framework/Versions/C/AppKit
0x0000000021bd2000 	/System/Library/Frameworks/CoreData.framework/Versions/A/CoreData
0x0000000021bd2000 	/System/Library/PrivateFrameworks/RemoteViewServices.framework/Versions/A/RemoteViewServices
0x0000000021bd2000 	/System/Library/PrivateFrameworks/UIFoundation.framework/Versions/A/UIFoundation
0x0000000021bd2000 	/System/Library/PrivateFrameworks/DFRFoundation.framework/Versions/A/DFRFoundation
0x0000000021bd2000 	/System/Library/Frameworks/Metal.framework/Versions/A/Metal
0x0000000021bd2000 	/System/Library/PrivateFrameworks/DesktopServicesPriv.framework/Versions/A/DesktopServicesPriv
0x0000000021bd2000 	/usr/lib/libenergytrace.dylib
0x0000000021bd2000 	/System/Library/PrivateFrameworks/SkyLight.framework/Versions/A/SkyLight
0x0000000021bd2000 	/System/Library/Frameworks/CoreGraphics.framework/Versions/A/CoreGraphics
0x0000000021bd2000 	/usr/lib/libScreenReader.dylib
0x0000000021bd2000 	/System/Library/Frameworks/Accelerate.framework/Versions/A/Accelerate
0x0000000021bd2000 	/System/Library/Frameworks/IOSurface.framework/Versions/A/IOSurface
0x0000000021bd2000 	/System/Library/Frameworks/AudioToolbox.framework/Versions/A/AudioToolbox
0x0000000021bd2000 	/System/Library/Frameworks/AudioUnit.framework/Versions/A/AudioUnit
0x0000000021bd2000 	/System/Library/PrivateFrameworks/DataDetectorsCore.framework/Versions/A/DataDetectorsCore
0x0000000021bd2000 	/System/Library/Frameworks/Carbon.framework/Versions/A/Frameworks/HIToolbox.framework/Versions/A/HIToolbox
0x0000000021bd2000 	/usr/lib/libicucore.A.dylib
0x0000000021bd2000 	/System/Library/Frameworks/QuartzCore.framework/Versions/A/QuartzCore
0x0000000021bd2000 	/System/Library/Frameworks/Carbon.framework/Versions/A/Frameworks/SpeechRecognition.framework/Versions/A/SpeechRecognition
0x0000000021bd2000 	/usr/lib/libauto.dylib
0x0000000021bd2000 	/usr/lib/libxml2.2.dylib
0x0000000021bd2000 	/System/Library/PrivateFrameworks/CoreUI.framework/Versions/A/CoreUI
0x0000000021bd2000 	/System/Library/Frameworks/CoreAudio.framework/Versions/A/CoreAudio
0x0000000021bd2000 	/System/Library/Frameworks/DiskArbitration.framework/Versions/A/DiskArbitration
0x0000000021bd2000 	/usr/lib/liblangid.dylib
0x0000000021bd2000 	/System/Library/PrivateFrameworks/MultitouchSupport.framework/Versions/A/MultitouchSupport
0x0000000021bd2000 	/System/Library/Frameworks/IOKit.framework/Versions/A/IOKit
0x0000000021bd2000 	/usr/lib/libDiagnosticMessagesClient.dylib
0x0000000021bd2000 	/System/Library/Frameworks/CoreServices.framework/Versions/A/CoreServices
0x0000000021bd2000 	/System/Library/PrivateFrameworks/PerformanceAnalysis.framework/Versions/A/PerformanceAnalysis
0x0000000021bd2000 	/System/Library/Frameworks/OpenGL.framework/Versions/A/OpenGL
0x0000000021bd2000 	/System/Library/Frameworks/ColorSync.framework/Versions/A/ColorSync
0x0000000021bd2000 	/System/Library/Frameworks/CoreImage.framework/Versions/A/CoreImage
0x0000000021bd2000 	/System/Library/Frameworks/CoreText.framework/Versions/A/CoreText
0x0000000021bd2000 	/System/Library/Frameworks/ImageIO.framework/Versions/A/ImageIO
0x0000000021bd2000 	/System/Library/PrivateFrameworks/Backup.framework/Versions/A/Backup
0x0000000021bd2000 	/usr/lib/libarchive.2.dylib
0x0000000021bd2000 	/System/Library/Frameworks/CFNetwork.framework/Versions/A/CFNetwork
0x0000000021bd2000 	/System/Library/Frameworks/SystemConfiguration.framework/Versions/A/SystemConfiguration
0x0000000021bd2000 	/usr/lib/libCRFSuite.dylib
0x0000000021bd2000 	/usr/lib/libc++.1.dylib
0x0000000021bd2000 	/usr/lib/libc++abi.dylib
0x0000000021bd2000 	/usr/lib/system/libcache.dylib
0x0000000021bd2000 	/usr/lib/system/libcommonCrypto.dylib
0x0000000021bd2000 	/usr/lib/system/libcompiler_rt.dylib
0x0000000021bd2000 	/usr/lib/system/libcopyfile.dylib
0x0000000021bd2000 	/usr/lib/system/libcorecrypto.dylib
0x0000000021bd2000 	/usr/lib/system/libdispatch.dylib
0x0000000021bd2000 	/usr/lib/system/libdyld.dylib
0x0000000021bd2000 	/usr/lib/system/libkeymgr.dylib
0x0000000021bd2000 	/usr/lib/system/liblaunch.dylib
0x0000000021bd2000 	/usr/lib/system/libmacho.dylib
0x0000000021bd2000 	/usr/lib/system/libquarantine.dylib
0x0000000021bd2000 	/usr/lib/system/libremovefile.dylib
0x0000000021bd2000 	/usr/lib/system/libsystem_asl.dylib
0x0000000021bd2000 	/usr/lib/system/libsystem_blocks.dylib
0x0000000021bd2000 	/usr/lib/system/libsystem_c.dylib
0x0000000021bd2000 	/usr/lib/system/libsystem_configuration.dylib
0x0000000021bd2000 	/usr/lib/system/libsystem_coreservices.dylib
0x0000000021bd2000 	/usr/lib/system/libsystem_darwin.dylib
0x0000000021bd2000 	/usr/lib/system/libsystem_dnssd.dylib
0x0000000021bd2000 	/usr/lib/system/libsystem_info.dylib
0x0000000021bd2000 	/usr/lib/system/libsystem_m.dylib
0x0000000021bd2000 	/usr/lib/system/libsystem_malloc.dylib
0x0000000021bd2000 	/usr/lib/system/libsystem_network.dylib
0x0000000021bd2000 	/usr/lib/system/libsystem_networkextension.dylib
0x0000000021bd2000 	/usr/lib/system/libsystem_notify.dylib
0x0000000021bd2000 	/usr/lib/system/libsystem_sandbox.dylib
0x0000000021bd2000 	/usr/lib/system/libsystem_secinit.dylib
0x0000000021bd2000 	/usr/lib/system/libsystem_kernel.dylib
0x0000000021bd2000 	/usr/lib/system/libsystem_platform.dylib
0x0000000021bd2000 	/usr/lib/system/libsystem_pthread.dylib
0x0000000021bd2000 	/usr/lib/system/libsystem_symptoms.dylib
0x0000000021bd2000 	/usr/lib/system/libsystem_trace.dylib
0x0000000021bd2000 	/usr/lib/system/libunwind.dylib
0x0000000021bd2000 	/usr/lib/system/libxpc.dylib
0x0000000021bd2000 	/usr/lib/closure/libclosured.dylib
0x0000000021bd2000 	/usr/lib/libbsm.0.dylib
0x0000000021bd2000 	/usr/lib/system/libkxld.dylib
0x0000000021bd2000 	/usr/lib/libOpenScriptingUtil.dylib
0x0000000021bd2000 	/usr/lib/libcoretls.dylib
0x0000000021bd2000 	/usr/lib/libcoretls_cfhelpers.dylib
0x0000000021bd2000 	/usr/lib/libpam.2.dylib
0x0000000021bd2000 	/usr/lib/libsqlite3.dylib
0x0000000021bd2000 	/usr/lib/libxar.1.dylib
0x0000000021bd2000 	/usr/lib/libbz2.1.0.dylib
0x0000000021bd2000 	/usr/lib/liblzma.5.dylib
0x0000000021bd2000 	/usr/lib/libnetwork.dylib
0x0000000021bd2000 	/usr/lib/libapple_nghttp2.dylib
0x0000000021bd2000 	/usr/lib/libpcap.A.dylib
0x0000000021bd2000 	/usr/lib/libboringssl.dylib
0x0000000021bd2000 	/usr/lib/libusrtcp.dylib
0x0000000021bd2000 	/usr/lib/libapple_crypto.dylib
0x0000000021bd2000 	/System/Library/Frameworks/CoreServices.framework/Versions/A/Frameworks/FSEvents.framework/Versions/A/FSEvents
0x0000000021bd2000 	/System/Library/Frameworks/CoreServices.framework/Versions/A/Frameworks/CarbonCore.framework/Versions/A/CarbonCore
0x0000000021bd2000 	/System/Library/Frameworks/CoreServices.framework/Versions/A/Frameworks/Metadata.framework/Versions/A/Metadata
0x0000000021bd2000 	/System/Library/Frameworks/CoreServices.framework/Versions/A/Frameworks/OSServices.framework/Versions/A/OSServices
0x0000000021bd2000 	/System/Library/Frameworks/CoreServices.framework/Versions/A/Frameworks/SearchKit.framework/Versions/A/SearchKit
0x0000000021bd2000 	/System/Library/Frameworks/CoreServices.framework/Versions/A/Frameworks/AE.framework/Versions/A/AE
0x0000000021bd2000 	/System/Library/Frameworks/CoreServices.framework/Versions/A/Frameworks/LaunchServices.framework/Versions/A/LaunchServices
0x0000000021bd2000 	/System/Library/Frameworks/CoreServices.framework/Versions/A/Frameworks/DictionaryServices.framework/Versions/A/DictionaryServices
0x0000000021bd2000 	/System/Library/Frameworks/CoreServices.framework/Versions/A/Frameworks/SharedFileList.framework/Versions/A/SharedFileList
0x0000000021bd2000 	/System/Library/Frameworks/NetFS.framework/Versions/A/NetFS
0x0000000021bd2000 	/System/Library/PrivateFrameworks/NetAuth.framework/Versions/A/NetAuth
0x0000000021bd2000 	/System/Library/PrivateFrameworks/login.framework/Versions/A/Frameworks/loginsupport.framework/Versions/A/loginsupport
0x0000000021bd2000 	/System/Library/PrivateFrameworks/TCC.framework/Versions/A/TCC
0x0000000021bd2000 	/usr/lib/libmecabra.dylib
0x0000000021bd2000 	/System/Library/Frameworks/ApplicationServices.framework/Versions/A/Frameworks/ATS.framework/Versions/A/ATS
0x0000000021bd2000 	/System/Library/Frameworks/ApplicationServices.framework/Versions/A/Frameworks/ColorSyncLegacy.framework/Versions/A/ColorSyncLegacy
0x0000000021bd2000 	/System/Library/Frameworks/ApplicationServices.framework/Versions/A/Frameworks/HIServices.framework/Versions/A/HIServices
0x0000000021bd2000 	/System/Library/Frameworks/ApplicationServices.framework/Versions/A/Frameworks/LangAnalysis.framework/Versions/A/LangAnalysis
0x0000000021bd2000 	/System/Library/Frameworks/ApplicationServices.framework/Versions/A/Frameworks/PrintCore.framework/Versions/A/PrintCore
0x0000000021bd2000 	/System/Library/Frameworks/ApplicationServices.framework/Versions/A/Frameworks/QD.framework/Versions/A/QD
0x0000000021bd2000 	/System/Library/Frameworks/ApplicationServices.framework/Versions/A/Frameworks/SpeechSynthesis.framework/Versions/A/SpeechSynthesis
0x0000000021bd2000 	/System/Library/Frameworks/CoreDisplay.framework/Versions/A/CoreDisplay
0x0000000021bd2000 	/System/Library/Frameworks/Accelerate.framework/Versions/A/Frameworks/vImage.framework/Versions/A/vImage
0x0000000021bd2000 	/System/Library/Frameworks/Accelerate.framework/Versions/A/Frameworks/vecLib.framework/Versions/A/vecLib
0x0000000021bd2000 	/System/Library/Frameworks/Accelerate.framework/Versions/A/Frameworks/vecLib.framework/Versions/A/libvDSP.dylib
0x0000000021bd2000 	/System/Library/Frameworks/Accelerate.framework/Versions/A/Frameworks/vecLib.framework/Versions/A/libBNNS.dylib
0x0000000021bd2000 	/System/Library/Frameworks/Accelerate.framework/Versions/A/Frameworks/vecLib.framework/Versions/A/libQuadrature.dylib
0x0000000021bd2000 	/System/Library/Frameworks/Accelerate.framework/Versions/A/Frameworks/vecLib.framework/Versions/A/libvMisc.dylib
0x0000000021bd2000 	/System/Library/Frameworks/Accelerate.framework/Versions/A/Frameworks/vecLib.framework/Versions/A/libLAPACK.dylib
0x0000000021bd2000 	/System/Library/Frameworks/Accelerate.framework/Versions/A/Frameworks/vecLib.framework/Versions/A/libBLAS.dylib
0x0000000021bd2000 	/System/Library/Frameworks/Accelerate.framework/Versions/A/Frameworks/vecLib.framework/Versions/A/libLinearAlgebra.dylib
0x0000000021bd2000 	/System/Library/Frameworks/Accelerate.framework/Versions/A/Frameworks/vecLib.framework/Versions/A/libSparse.dylib
0x0000000021bd2000 	/System/Library/Frameworks/Accelerate.framework/Versions/A/Frameworks/vecLib.framework/Versions/A/libSparseBLAS.dylib
0x0000000021bd2000 	/System/Library/PrivateFrameworks/IOAccelerator.framework/Versions/A/IOAccelerator
0x0000000021bd2000 	/System/Library/PrivateFrameworks/IOPresentment.framework/Versions/A/IOPresentment
0x0000000021bd2000 	/System/Library/PrivateFrameworks/DSExternalDisplay.framework/Versions/A/DSExternalDisplay
0x0000000021bd2000 	/System/Library/Frameworks/OpenGL.framework/Versions/A/Libraries/libCoreFSCache.dylib
0x0000000021bd2000 	/System/Library/Frameworks/CoreVideo.framework/Versions/A/CoreVideo
0x0000000021bd2000 	/System/Library/PrivateFrameworks/GraphVisualizer.framework/Versions/A/GraphVisualizer
0x0000000021bd2000 	/System/Library/Frameworks/MetalPerformanceShaders.framework/Versions/A/MetalPerformanceShaders
0x0000000021bd2000 	/usr/lib/libFosl_dynamic.dylib
0x0000000021bd2000 	/System/Library/PrivateFrameworks/FaceCore.framework/Versions/A/FaceCore
0x0000000021bd2000 	/System/Library/Frameworks/OpenCL.framework/Versions/A/OpenCL
0x0000000021bd2000 	/usr/lib/libcompression.dylib
0x0000000021bd2000 	/System/Library/Frameworks/ApplicationServices.framework/Versions/A/Frameworks/ATS.framework/Versions/A/Resources/libFontParser.dylib
0x0000000021bd2000 	/System/Library/Frameworks/ApplicationServices.framework/Versions/A/Frameworks/ATS.framework/Versions/A/Resources/libFontRegistry.dylib
0x0000000021bd2000 	/System/Library/Frameworks/ImageIO.framework/Versions/A/Resources/libJPEG.dylib
0x0000000021bd2000 	/System/Library/Frameworks/ImageIO.framework/Versions/A/Resources/libTIFF.dylib
0x0000000021bd2000 	/System/Library/Frameworks/ImageIO.framework/Versions/A/Resources/libPng.dylib
0x0000000021bd2000 	/System/Library/Frameworks/ImageIO.framework/Versions/A/Resources/libGIF.dylib
0x0000000021bd2000 	/System/Library/Frameworks/ImageIO.framework/Versions/A/Resources/libJP2.dylib
0x0000000021bd2000 	/System/Library/Frameworks/ImageIO.framework/Versions/A/Resources/libRadiance.dylib
0x0000000021bd2000 	/System/Library/PrivateFrameworks/AppleJPEG.framework/Versions/A/AppleJPEG
0x0000000021bd2000 	/System/Library/PrivateFrameworks/MetalTools.framework/Versions/A/MetalTools
0x0000000021bd2000 	/System/Library/Frameworks/MetalPerformanceShaders.framework/Frameworks/MPSCore.framework/Versions/A/MPSCore
0x0000000021bd2000 	/System/Library/Frameworks/MetalPerformanceShaders.framework/Frameworks/MPSImage.framework/Versions/A/MPSImage
0x0000000021bd2000 	/System/Library/Frameworks/MetalPerformanceShaders.framework/Frameworks/MPSMatrix.framework/Versions/A/MPSMatrix
0x0000000021bd2000 	/System/Library/Frameworks/MetalPerformanceShaders.framework/Frameworks/MPSNeuralNetwork.framework/Versions/A/MPSNeuralNetwork
0x0000000021bd2000 	/System/Library/Frameworks/OpenGL.framework/Versions/A/Libraries/libGLU.dylib
0x0000000021bd2000 	/System/Library/Frameworks/OpenGL.framework/Versions/A/Libraries/libGFXShared.dylib
0x0000000021bd2000 	/System/Library/Frameworks/OpenGL.framework/Versions/A/Libraries/libGL.dylib
0x0000000021bd2000 	/System/Library/Frameworks/OpenGL.framework/Versions/A/Libraries/libGLImage.dylib
0x0000000021bd2000 	/System/Library/Frameworks/OpenGL.framework/Versions/A/Libraries/libCVMSPluginSupport.dylib
0x0000000021bd2000 	/System/Library/Frameworks/OpenGL.framework/Versions/A/Libraries/libCoreVMClient.dylib
0x0000000021bd2000 	/usr/lib/libcups.2.dylib
0x0000000021bd2000 	/System/Library/Frameworks/Kerberos.framework/Versions/A/Kerberos
0x0000000021bd2000 	/System/Library/Frameworks/GSS.framework/Versions/A/GSS
0x0000000021bd2000 	/usr/lib/libresolv.9.dylib
0x0000000021bd2000 	/usr/lib/libiconv.2.dylib
0x0000000021bd2000 	/System/Library/PrivateFrameworks/Heimdal.framework/Versions/A/Heimdal
0x0000000021bd2000 	/usr/lib/libheimdal-asn1.dylib
0x0000000021bd2000 	/System/Library/Frameworks/OpenDirectory.framework/Versions/A/OpenDirectory
0x0000000021bd2000 	/System/Library/PrivateFrameworks/CommonAuth.framework/Versions/A/CommonAuth
0x0000000021bd2000 	/System/Library/Frameworks/OpenDirectory.framework/Versions/A/Frameworks/CFOpenDirectory.framework/Versions/A/CFOpenDirectory
0x0000000021bd2000 	/System/Library/Frameworks/SecurityFoundation.framework/Versions/A/SecurityFoundation
0x0000000021bd2000 	/System/Library/PrivateFrameworks/APFS.framework/Versions/A/APFS
0x0000000021bd2000 	/usr/lib/libutil.dylib
0x0000000021bd2000 	/System/Library/PrivateFrameworks/AppleSauce.framework/Versions/A/AppleSauce
0x0000000021bd2000 	/System/Library/PrivateFrameworks/LinguisticData.framework/Versions/A/LinguisticData
0x0000000021bd2000 	/usr/lib/libmarisa.dylib
0x0000000021bd2000 	/System/Library/PrivateFrameworks/Lexicon.framework/Versions/A/Lexicon
0x0000000021bd2000 	/usr/lib/libChineseTokenizer.dylib
0x0000000021bd2000 	/usr/lib/libcmph.dylib
0x0000000021bd2000 	/System/Library/PrivateFrameworks/LanguageModeling.framework/Versions/A/LanguageModeling
0x0000000021bd2000 	/System/Library/PrivateFrameworks/CoreEmoji.framework/Versions/A/CoreEmoji
0x0000000021bd2000 	/System/Library/Frameworks/ServiceManagement.framework/Versions/A/ServiceManagement
0x0000000021bd2000 	/System/Library/PrivateFrameworks/BackgroundTaskManagement.framework/Versions/A/BackgroundTaskManagement
0x0000000021bd2000 	/usr/lib/libxslt.1.dylib
0x0000000021bd2000 	/System/Library/Frameworks/Carbon.framework/Versions/A/Frameworks/Ink.framework/Versions/A/Ink
0x0000000021bd2000 	/System/Library/PrivateFrameworks/TextureIO.framework/Versions/A/TextureIO
0x0000000021bd2000 	/usr/lib/libate.dylib
0x0000000021bd2000 	/System/Library/PrivateFrameworks/CrashReporterSupport.framework/Versions/A/CrashReporterSupport
0x0000000021bd2000 	/System/Library/PrivateFrameworks/Sharing.framework/Versions/A/Sharing
0x0000000021bd2000 	/System/Library/PrivateFrameworks/IconServices.framework/Versions/A/IconServices
0x0000000021bd2000 	/System/Library/PrivateFrameworks/ProtocolBuffer.framework/Versions/A/ProtocolBuffer
0x0000000021bd2000 	/System/Library/PrivateFrameworks/Apple80211.framework/Versions/A/Apple80211
0x0000000021bd2000 	/System/Library/Frameworks/CoreWLAN.framework/Versions/A/CoreWLAN
0x0000000021bd2000 	/System/Library/PrivateFrameworks/CoreUtils.framework/Versions/A/CoreUtils
0x0000000021bd2000 	/System/Library/Frameworks/IOBluetooth.framework/Versions/A/IOBluetooth
0x0000000021bd2000 	/System/Library/PrivateFrameworks/CoreWiFi.framework/Versions/A/CoreWiFi
0x0000000021bd2000 	/System/Library/Frameworks/CoreBluetooth.framework/Versions/A/CoreBluetooth
0x0000000021bd2000 	/System/Library/PrivateFrameworks/SignpostNotification.framework/Versions/A/SignpostNotification
0x0000000021bd2000 	/System/Library/PrivateFrameworks/DebugSymbols.framework/Versions/A/DebugSymbols
0x0000000021bd2000 	/System/Library/PrivateFrameworks/CoreSymbolication.framework/Versions/A/CoreSymbolication
0x0000000021bd2000 	/System/Library/PrivateFrameworks/Symbolication.framework/Versions/A/Symbolication
0x0000000021bd2000 	/System/Library/PrivateFrameworks/AppleFSCompression.framework/Versions/A/AppleFSCompression
0x0000000021bd2000 	/System/Library/PrivateFrameworks/SpeechRecognitionCore.framework/Versions/A/SpeechRecognitionCore
0x000000010fa00000 	/Library/Java/JavaVirtualMachines/jdk1.8.0_102.jdk/Contents/Home/jre/lib/server/libjvm.dylib
0x0000000021bd2000 	/usr/lib/libstdc++.6.0.9.dylib
0x000000010e9c4000 	/Library/Java/JavaVirtualMachines/jdk1.8.0_102.jdk/Contents/Home/jre/lib/libverify.dylib
0x00000001109a1000 	/Library/Java/JavaVirtualMachines/jdk1.8.0_102.jdk/Contents/Home/jre/lib/libjava.dylib
0x00000001109d6000 	/Library/Java/JavaVirtualMachines/jdk1.8.0_102.jdk/Contents/Home/jre/lib/libjdwp.dylib
0x000000010e9d3000 	/Library/Java/JavaVirtualMachines/jdk1.8.0_102.jdk/Contents/Home/jre/lib/libnpt.dylib
0x000000010e9e0000 	/Library/Java/JavaVirtualMachines/jdk1.8.0_102.jdk/Contents/Home/jre/lib/libzip.dylib
0x0000000021bd2000 	/System/Library/Frameworks/JavaVM.framework/Versions/A/Frameworks/JavaRuntimeSupport.framework/Versions/A/JavaRuntimeSupport
0x0000000021bd2000 	/System/Library/Frameworks/JavaVM.framework/Versions/A/Frameworks/JavaNativeFoundation.framework/Versions/A/JavaNativeFoundation
0x0000000021bd2000 	/System/Library/Frameworks/JavaVM.framework/Versions/A/JavaVM
0x0000000021bd2000 	/System/Library/Frameworks/Carbon.framework/Versions/A/Carbon
0x0000000021bd2000 	/System/Library/PrivateFrameworks/JavaLaunching.framework/Versions/A/JavaLaunching
0x0000000021bd2000 	/System/Library/Frameworks/Carbon.framework/Versions/A/Frameworks/CommonPanels.framework/Versions/A/CommonPanels
0x0000000021bd2000 	/System/Library/Frameworks/Carbon.framework/Versions/A/Frameworks/Help.framework/Versions/A/Help
0x0000000021bd2000 	/System/Library/Frameworks/Carbon.framework/Versions/A/Frameworks/ImageCapture.framework/Versions/A/ImageCapture
0x0000000021bd2000 	/System/Library/Frameworks/Carbon.framework/Versions/A/Frameworks/OpenScripting.framework/Versions/A/OpenScripting
0x0000000021bd2000 	/System/Library/Frameworks/Carbon.framework/Versions/A/Frameworks/Print.framework/Versions/A/Print
0x0000000021bd2000 	/System/Library/Frameworks/Carbon.framework/Versions/A/Frameworks/SecurityHI.framework/Versions/A/SecurityHI
0x000000010e9f2000 	/Library/Java/JavaVirtualMachines/jdk1.8.0_102.jdk/Contents/Home/jre/lib/libdt_socket.dylib
0x000000012d727000 	/Library/Java/JavaVirtualMachines/jdk1.8.0_102.jdk/Contents/Home/jre/lib/libnet.dylib
0x000000012d73e000 	/Library/Java/JavaVirtualMachines/jdk1.8.0_102.jdk/Contents/Home/jre/lib/libnio.dylib
0x000000012d7b0000 	/Library/Java/JavaVirtualMachines/jdk1.8.0_102.jdk/Contents/Home/jre/lib/libsunec.dylib
0x000000012d68d000 	/Library/Java/JavaVirtualMachines/jdk1.8.0_102.jdk/Contents/Home/jre/lib/libmanagement.dylib

VM Arguments:
jvm_args: -agentlib:jdwp=transport=dt_socket,suspend=y,address=localhost:49671 -Dmaven.home=EMBEDDED -Dclassworlds.conf=/Users/pprosser/projects/3scale-rhsso-ws/.metadata/.plugins/org.eclipse.m2e.launching/launches/m2conf8057476524333582907.tmp -Dmaven.multiModuleProjectDirectory=/Users/pprosser/projects/3scale-rhsso-ws/sync -DECLIPSE_PROCESS_NAME='Local Camel Context' -Dmaven.test.skip=false -Dorg.apache.camel.jmx.createRmiConnector=True -Dfile.encoding=UTF-8 
java_command: org.codehaus.plexus.classworlds.launcher.Launcher -B -Dmaven.test.skip=true -DskipTests -U clean package org.springframework.boot:spring-boot-maven-plugin:run -Dcamel.fileApplicationContextUri=file:/Users/pprosser/projects/3scale-rhsso-ws/sync/src/main/resources/spring/camel-context.xml
java_class_path (initial): /Applications/DevelopmentSuite2.0/devstudio/studio/devstudio.app/Contents/Eclipse/plugins/org.eclipse.m2e.maven.runtime_1.8.1.20170728-1531/jars/plexus-classworlds-2.5.2.jar
Launcher Type: SUN_STANDARD

Environment Variables:
PATH=/usr/bin:/bin:/usr/sbin:/sbin
SHELL=/bin/bash

Signal Handlers:
SIGSEGV: [libjvm.dylib+0x5b0579], sa_mask[0]=11111111011111110111111111111111, sa_flags=SA_ONSTACK|SA_RESTART|SA_SIGINFO
SIGBUS: [libjvm.dylib+0x5b0579], sa_mask[0]=11111111011111110111111111111111, sa_flags=SA_RESTART|SA_SIGINFO
SIGFPE: [libjvm.dylib+0x4874e4], sa_mask[0]=11111111011111110111111111111111, sa_flags=SA_RESTART|SA_SIGINFO
SIGPIPE: [libjvm.dylib+0x4874e4], sa_mask[0]=11111111011111110111111111111111, sa_flags=SA_RESTART|SA_SIGINFO
SIGXFSZ: [libjvm.dylib+0x4874e4], sa_mask[0]=11111111011111110111111111111111, sa_flags=SA_RESTART|SA_SIGINFO
SIGILL: [libjvm.dylib+0x4874e4], sa_mask[0]=11111111011111110111111111111111, sa_flags=SA_RESTART|SA_SIGINFO
SIGUSR1: SIG_DFL, sa_mask[0]=00000000000000000000000000000000, sa_flags=none
SIGUSR2: [libjvm.dylib+0x487002], sa_mask[0]=00100000000000000000000000000000, sa_flags=SA_RESTART|SA_SIGINFO
SIGHUP: [libjvm.dylib+0x4855d9], sa_mask[0]=11111111011111110111111111111111, sa_flags=SA_RESTART|SA_SIGINFO
SIGINT: [libjvm.dylib+0x4855d9], sa_mask[0]=11111111011111110111111111111111, sa_flags=SA_RESTART|SA_SIGINFO
SIGTERM: [libjvm.dylib+0x4855d9], sa_mask[0]=11111111011111110111111111111111, sa_flags=SA_RESTART|SA_SIGINFO
SIGQUIT: [libjvm.dylib+0x4855d9], sa_mask[0]=11111111011111110111111111111111, sa_flags=SA_RESTART|SA_SIGINFO


---------------  S Y S T E M  ---------------

OS:Bsduname:Darwin 17.3.0 Darwin Kernel Version 17.3.0: Thu Nov  9 18:09:22 PST 2017; root:xnu-4570.31.3~1/RELEASE_X86_64 x86_64
rlimit: STACK 8192k, CORE 0k, NPROC 1418, NOFILE 10240, AS infinity
load average:2.80 2.61 2.61

CPU:total 8 (4 cores per cpu, 2 threads per core) family 6 model 70 stepping 1, cmov, cx8, fxsr, mmx, sse, sse2, sse3, ssse3, sse4.1, sse4.2, popcnt, avx, avx2, aes, clmul, erms, lzcnt, ht, tsc, tscinvbit, bmi1, bmi2

Memory: 4k page, physical 16777216k(71976k free)

/proc/meminfo:


vm_info: Java HotSpot(TM) 64-Bit Server VM (25.102-b14) for bsd-amd64 JRE (1.8.0_102-b14), built on Jun 22 2016 11:42:36 by "java_re" with gcc 4.2.1 (Based on Apple Inc. build 5658) (LLVM build 2336.11.00)

time: Fri Dec 22 11:00:52 2017
elapsed time: 46 seconds (0d 0h 0m 46s)

